Build started 9/17/2018 11:09:55 AM.
     1>Project "C:\Code\iMP\126\trunk.126\MML.Services\General\Workflow\MML.Services.Workflow.sln" on node 1 (build target(s)).
     1>ValidateSolutionConfiguration:
         Building solution configuration "Debug|Any CPU".
     1>Project "C:\Code\iMP\126\trunk.126\MML.Services\General\Workflow\MML.Services.Workflow.sln" (1) is building "C:\Code\iMP\126\trunk.126\ServiceLib\ServiceLib.csproj" (18) on node 3 (default targets).
    18>GenerateTargetFrameworkMonikerAttribute:
       Skipping target "GenerateTargetFrameworkMonikerAttribute" because all output files are up-to-date with respect to the input files.
     1>Project "C:\Code\iMP\126\trunk.126\MML.Services\General\Workflow\MML.Services.Workflow.sln" (1) is building "C:\Code\iMP\126\trunk.126\MML.Services\Platform\MML.Services.Platform.Common\MML.Services.Platform.Common.csproj" (8:6) on node 4 (default targets).
     8>BclBuildEnsureBindingRedirects:
       Skipping target "BclBuildEnsureBindingRedirects" because all output files are up-to-date with respect to the input files.
     1>Project "C:\Code\iMP\126\trunk.126\MML.Services\General\Workflow\MML.Services.Workflow.sln" (1) is building "C:\Code\iMP\126\trunk.126\MML.Services\General\DataAudit\MML.Services.DataAudit.Contracts\MML.Services.DataAudit.Contracts.csproj" (19) on node 2 (default targets).
    19>GenerateTargetFrameworkMonikerAttribute:
       Skipping target "GenerateTargetFrameworkMonikerAttribute" because all output files are up-to-date with respect to the input files.
       CoreCompile:
       Skipping target "CoreCompile" because all output files are up-to-date with respect to the input files.
    18>CoreCompile:
       Skipping target "CoreCompile" because all output files are up-to-date with respect to the input files.
    19>CopyFilesToOutputDirectory:
         MML.Services.DataAudit.Contracts -> C:\Code\iMP\126\trunk.126\MML.Services\General\DataAudit\MML.Services.DataAudit.Contracts\bin\Debug\MML.Services.DataAudit.Contracts.dll
    18>_CopyFilesMarkedCopyLocal:
         Touching "C:\Code\iMP\126\trunk.126\ServiceLib\obj\Debug\ServiceLib.csproj.CopyComplete".
       _CopyAppConfigFile:
       Skipping target "_CopyAppConfigFile" because all output files are up-to-date with respect to the input files.
    19>Done Building Project "C:\Code\iMP\126\trunk.126\MML.Services\General\DataAudit\MML.Services.DataAudit.Contracts\MML.Services.DataAudit.Contracts.csproj" (default targets).
    18>CopyFilesToOutputDirectory:
         ServiceLib -> C:\Code\iMP\126\trunk.126\ServiceLib\bin\Debug\ServiceLib.dll
    18>Done Building Project "C:\Code\iMP\126\trunk.126\ServiceLib\ServiceLib.csproj" (default targets).
     1>Project "C:\Code\iMP\126\trunk.126\MML.Services\General\Workflow\MML.Services.Workflow.sln" (1) is building "C:\Code\iMP\126\trunk.126\iMP.OAuthWebRequest\iMP.OAuthWebRequest.csproj" (21:2) on node 3 (default targets).
    21>GenerateTargetFrameworkMonikerAttribute:
       Skipping target "GenerateTargetFrameworkMonikerAttribute" because all output files are up-to-date with respect to the input files.
       CoreCompile:
       Skipping target "CoreCompile" because all output files are up-to-date with respect to the input files.
       _CopyFilesMarkedCopyLocal:
         Touching "C:\Code\iMP\126\trunk.126\iMP.OAuthWebRequest\obj\Debug\iMP.OAuthWebRequest.csproj.CopyComplete".
       CopyFilesToOutputDirectory:
         iMP.OAuthWebRequest -> C:\Code\iMP\126\trunk.126\iMP.OAuthWebRequest\bin\Debug\iMP.OAuthWebRequest.dll
    21>Done Building Project "C:\Code\iMP\126\trunk.126\iMP.OAuthWebRequest\iMP.OAuthWebRequest.csproj" (default targets).
     8>GenerateTargetFrameworkMonikerAttribute:
       Skipping target "GenerateTargetFrameworkMonikerAttribute" because all output files are up-to-date with respect to the input files.
       CoreCompile:
       Skipping target "CoreCompile" because all output files are up-to-date with respect to the input files.
       _CopyFilesMarkedCopyLocal:
         Touching "C:\Code\iMP\126\trunk.126\MML.Services\Platform\MML.Services.Platform.Common\obj\Debug\MML.Services.Platform.Common.csproj.CopyComplete".
       _CopyOutOfDateSourceItemsToOutputDirectory:
       Skipping target "_CopyOutOfDateSourceItemsToOutputDirectory" because all output files are up-to-date with respect to the input files.
       _CopyAppConfigFile:
       Skipping target "_CopyAppConfigFile" because all output files are up-to-date with respect to the input files.
       CopyFilesToOutputDirectory:
         MML.Services.Platform.Common -> C:\Code\iMP\126\trunk.126\MML.Services\Platform\MML.Services.Platform.Common\bin\Debug\MML.Services.Platform.Common.dll
     8>Done Building Project "C:\Code\iMP\126\trunk.126\MML.Services\Platform\MML.Services.Platform.Common\MML.Services.Platform.Common.csproj" (default targets).
     1>Project "C:\Code\iMP\126\trunk.126\MML.Services\General\Workflow\MML.Services.Workflow.sln" (1) is building "C:\Code\iMP\126\trunk.126\MML.Services\General\Workflow\MML.Services.Workflow.Contracts\MML.Services.Workflow.Contracts.csproj" (5) on node 1 (default targets).
     5>Project "C:\Code\iMP\126\trunk.126\MML.Services\General\Workflow\MML.Services.Workflow.Contracts\MML.Services.Workflow.Contracts.csproj" (5) is building "C:\Code\iMP\126\trunk.126\MML.APIContracts\WorkflowServices\MML.APIContracts.WorkflowServices.csproj" (9:2) on node 1 (default targets).
     9>GenerateTargetFrameworkMonikerAttribute:
       Skipping target "GenerateTargetFrameworkMonikerAttribute" because all output files are up-to-date with respect to the input files.
       CoreCompile:
       Skipping target "CoreCompile" because all output files are up-to-date with respect to the input files.
       _CopyFilesMarkedCopyLocal:
         Touching "C:\Code\iMP\126\trunk.126\MML.APIContracts\WorkflowServices\obj\Debug\MML.APIContracts.WorkflowServices.csproj.CopyComplete".
       CopyFilesToOutputDirectory:
         MML.APIContracts.WorkflowServices -> C:\Code\iMP\126\trunk.126\MML.APIContracts\WorkflowServices\bin\Debug\MML.APIContracts.WorkflowServices.dll
     1>Project "C:\Code\iMP\126\trunk.126\MML.Services\General\Workflow\MML.Services.Workflow.sln" (1) is building "C:\Code\iMP\126\trunk.126\iMP.OAuthWebRequest.Tests\iMP.OAuthWebRequest.Tests.csproj" (24) on node 2 (default targets).
    24>GenerateTargetFrameworkMonikerAttribute:
       Skipping target "GenerateTargetFrameworkMonikerAttribute" because all output files are up-to-date with respect to the input files.
     9>Done Building Project "C:\Code\iMP\126\trunk.126\MML.APIContracts\WorkflowServices\MML.APIContracts.WorkflowServices.csproj" (default targets).
    24>CoreCompile:
       Skipping target "CoreCompile" because all output files are up-to-date with respect to the input files.
       _CopyFilesMarkedCopyLocal:
         Touching "C:\Code\iMP\126\trunk.126\iMP.OAuthWebRequest.Tests\obj\Debug\iMP.OAuthWebRequest.Tests.csproj.CopyComplete".
     5>GenerateTargetFrameworkMonikerAttribute:
       Skipping target "GenerateTargetFrameworkMonikerAttribute" because all output files are up-to-date with respect to the input files.
       CoreCompile:
       Skipping target "CoreCompile" because all output files are up-to-date with respect to the input files.
       _CopyFilesMarkedCopyLocal:
         Touching "C:\Code\iMP\126\trunk.126\MML.Services\General\Workflow\MML.Services.Workflow.Contracts\obj\Debug\MML.Services.Workflow.Contracts.csproj.CopyComplete".
       CopyFilesToOutputDirectory:
         MML.Services.Workflow.Contracts -> C:\Code\iMP\126\trunk.126\MML.Services\General\Workflow\MML.Services.Workflow.Contracts\bin\Debug\MML.Services.Workflow.Contracts.dll
     5>Done Building Project "C:\Code\iMP\126\trunk.126\MML.Services\General\Workflow\MML.Services.Workflow.Contracts\MML.Services.Workflow.Contracts.csproj" (default targets).
     1>Project "C:\Code\iMP\126\trunk.126\MML.Services\General\Workflow\MML.Services.Workflow.sln" (1) is building "C:\Code\iMP\126\trunk.126\MML.Services\Platform\MML.Services.Platform.Common.Logging\MML.Services.Platform.Common.Logging.csproj" (7:3) on node 2 (default targets).
     7>GenerateTargetFrameworkMonikerAttribute:
       Skipping target "GenerateTargetFrameworkMonikerAttribute" because all output files are up-to-date with respect to the input files.
       CoreCompile:
       Skipping target "CoreCompile" because all output files are up-to-date with respect to the input files.
       _CopyFilesMarkedCopyLocal:
         Touching "C:\Code\iMP\126\trunk.126\MML.Services\Platform\MML.Services.Platform.Common.Logging\obj\Debug\MML.Services.Platform.Common.Logging.csproj.CopyComplete".
    24>_CopyAppConfigFile:
       Skipping target "_CopyAppConfigFile" because all output files are up-to-date with respect to the input files.
       CopyFilesToOutputDirectory:
         iMP.OAuthWebRequest.Tests -> C:\Code\iMP\126\trunk.126\iMP.OAuthWebRequest.Tests\bin\Debug\iMP.OAuthWebRequest.Tests.dll
    24>Done Building Project "C:\Code\iMP\126\trunk.126\iMP.OAuthWebRequest.Tests\iMP.OAuthWebRequest.Tests.csproj" (default targets).
     1>Project "C:\Code\iMP\126\trunk.126\MML.Services\General\Workflow\MML.Services.Workflow.sln" (1) is building "C:\Code\iMP\126\trunk.126\MML.Services\General\Workflow\MML.Services.Workflow.Proxy\MML.Services.Workflow.Proxy.csproj" (2) on node 4 (default targets).
     2>GenerateTargetFrameworkMonikerAttribute:
       Skipping target "GenerateTargetFrameworkMonikerAttribute" because all output files are up-to-date with respect to the input files.
       CoreCompile:
       Skipping target "CoreCompile" because all output files are up-to-date with respect to the input files.
       _CopyFilesMarkedCopyLocal:
         Touching "C:\Code\iMP\126\trunk.126\MML.Services\General\Workflow\MML.Services.Workflow.Proxy\obj\Debug\MML.Services.Workflow.Proxy.csproj.CopyComplete".
       _CopyOutOfDateSourceItemsToOutputDirectory:
       Skipping target "_CopyOutOfDateSourceItemsToOutputDirectory" because all output files are up-to-date with respect to the input files.
       _CopyAppConfigFile:
       Skipping target "_CopyAppConfigFile" because all output files are up-to-date with respect to the input files.
       CopyFilesToOutputDirectory:
         MML.Services.Workflow.Proxy -> C:\Code\iMP\126\trunk.126\MML.Services\General\Workflow\MML.Services.Workflow.Proxy\bin\Debug\MML.Services.Workflow.Proxy.dll
     2>Done Building Project "C:\Code\iMP\126\trunk.126\MML.Services\General\Workflow\MML.Services.Workflow.Proxy\MML.Services.Workflow.Proxy.csproj" (default targets).
     1>Project "C:\Code\iMP\126\trunk.126\MML.Services\General\Workflow\MML.Services.Workflow.sln" (1) is building "C:\Code\iMP\126\trunk.126\MML.Services\General\DataAudit\MML.Services.DataAudit.Proxy\MML.Services.DataAudit.Proxy.csproj" (20:2) on node 4 (default targets).
    20>GenerateTargetFrameworkMonikerAttribute:
       Skipping target "GenerateTargetFrameworkMonikerAttribute" because all output files are up-to-date with respect to the input files.
       CoreCompile:
       Skipping target "CoreCompile" because all output files are up-to-date with respect to the input files.
       _CopyFilesMarkedCopyLocal:
         Touching "C:\Code\iMP\126\trunk.126\MML.Services\General\DataAudit\MML.Services.DataAudit.Proxy\obj\Debug\MML.Services.DataAudit.Proxy.csproj.CopyComplete".
     7>_CopyOutOfDateSourceItemsToOutputDirectory:
       Skipping target "_CopyOutOfDateSourceItemsToOutputDirectory" because all output files are up-to-date with respect to the input files.
    20>_CopyOutOfDateSourceItemsToOutputDirectory:
       Skipping target "_CopyOutOfDateSourceItemsToOutputDirectory" because all output files are up-to-date with respect to the input files.
     7>_CopyAppConfigFile:
       Skipping target "_CopyAppConfigFile" because all output files are up-to-date with respect to the input files.
    20>_CopyAppConfigFile:
       Skipping target "_CopyAppConfigFile" because all output files are up-to-date with respect to the input files.
     7>CopyFilesToOutputDirectory:
         MML.Services.Platform.Common.Logging -> C:\Code\iMP\126\trunk.126\MML.Services\Platform\MML.Services.Platform.Common.Logging\bin\Debug\MML.Services.Platform.Common.Logging.dll
    20>CopyFilesToOutputDirectory:
         MML.Services.DataAudit.Proxy -> C:\Code\iMP\126\trunk.126\MML.Services\General\DataAudit\MML.Services.DataAudit.Proxy\bin\Debug\MML.Services.DataAudit.Proxy.dll
     7>Done Building Project "C:\Code\iMP\126\trunk.126\MML.Services\Platform\MML.Services.Platform.Common.Logging\MML.Services.Platform.Common.Logging.csproj" (default targets).
    20>Done Building Project "C:\Code\iMP\126\trunk.126\MML.Services\General\DataAudit\MML.Services.DataAudit.Proxy\MML.Services.DataAudit.Proxy.csproj" (default targets).
     1>Project "C:\Code\iMP\126\trunk.126\MML.Services\General\Workflow\MML.Services.Workflow.sln" (1) is building "C:\Code\iMP\126\trunk.126\MML.Services\General\Workflow\MML.Services.Workflow.Xaml.Activities\MML.Services.Workflow.Xaml.Activities.csproj" (13:3) on node 3 (default targets).
    13>GenerateTargetFrameworkMonikerAttribute:
       Skipping target "GenerateTargetFrameworkMonikerAttribute" because all output files are up-to-date with respect to the input files.
     1>Project "C:\Code\iMP\126\trunk.126\MML.Services\General\Workflow\MML.Services.Workflow.sln" (1) is building "C:\Code\iMP\126\trunk.126\MML.Data.EF\MML.Data.EF.csproj" (17) on node 4 (default targets).
    17>GenerateTargetFrameworkMonikerAttribute:
       Skipping target "GenerateTargetFrameworkMonikerAttribute" because all output files are up-to-date with respect to the input files.
    13>CoreCompile:
       Skipping target "CoreCompile" because all output files are up-to-date with respect to the input files.
       _CopyFilesMarkedCopyLocal:
         Touching "C:\Code\iMP\126\trunk.126\MML.Services\General\Workflow\MML.Services.Workflow.Xaml.Activities\obj\Debug\MML.Services.Workflow.Xaml.Activities.csproj.CopyComplete".
       _CopyOutOfDateSourceItemsToOutputDirectory:
       Skipping target "_CopyOutOfDateSourceItemsToOutputDirectory" because all output files are up-to-date with respect to the input files.
       _CopyAppConfigFile:
       Skipping target "_CopyAppConfigFile" because all output files are up-to-date with respect to the input files.
       CopyFilesToOutputDirectory:
         MML.Services.Workflow.Xaml.Activities -> C:\Code\iMP\126\trunk.126\MML.Services\General\Workflow\MML.Services.Workflow.Xaml.Activities\bin\Debug\MML.Services.Workflow.Xaml.Activities.dll
    17>CoreCompile:
       Skipping target "CoreCompile" because all output files are up-to-date with respect to the input files.
       _CopyFilesMarkedCopyLocal:
         Copying file from "C:\Code\iMP\126\trunk.126\packages\EntityFramework.6.2.0\lib\net45\EntityFramework.dll" to "..\MML.Bin\EntityFramework.dll".
    13>Done Building Project "C:\Code\iMP\126\trunk.126\MML.Services\General\Workflow\MML.Services.Workflow.Xaml.Activities\MML.Services.Workflow.Xaml.Activities.csproj" (default targets).
     1>Project "C:\Code\iMP\126\trunk.126\MML.Services\General\Workflow\MML.Services.Workflow.sln" (1) is building "C:\Code\iMP\126\trunk.126\MML.Services\General\Workflow\MML.Services.Workflow.Xaml\MML.Services.Workflow.Xaml.csproj" (14:3) on node 2 (default targets).
    14>XamlMarkupCompilePass1:
       Skipping target "XamlMarkupCompilePass1" because all output files are up-to-date with respect to the input files.
       GenerateTargetFrameworkMonikerAttribute:
       Skipping target "GenerateTargetFrameworkMonikerAttribute" because all output files are up-to-date with respect to the input files.
       CoreCompile:
       Skipping target "CoreCompile" because all output files are up-to-date with respect to the input files.
       _CopyFilesMarkedCopyLocal:
         Touching "C:\Code\iMP\126\trunk.126\MML.Services\General\Workflow\MML.Services.Workflow.Xaml\obj\Debug\MML.Services.Workflow.Xaml.csproj.CopyComplete".
       _CopyOutOfDateSourceItemsToOutputDirectory:
       Skipping target "_CopyOutOfDateSourceItemsToOutputDirectory" because all output files are up-to-date with respect to the input files.
       _CopyAppConfigFile:
       Skipping target "_CopyAppConfigFile" because all output files are up-to-date with respect to the input files.
       CopyFilesToOutputDirectory:
         MML.Services.Workflow.Xaml -> C:\Code\iMP\126\trunk.126\MML.Services\General\Workflow\MML.Services.Workflow.Xaml\bin\Debug\MML.Services.Workflow.Xaml.dll
    14>Done Building Project "C:\Code\iMP\126\trunk.126\MML.Services\General\Workflow\MML.Services.Workflow.Xaml\MML.Services.Workflow.Xaml.csproj" (default targets).
    17>C:\Program Files (x86)\Microsoft Visual Studio\2017\Community\MSBuild\15.0\Bin\Microsoft.Common.CurrentVersion.targets(4289,5): warning MSB3026: Could not copy "C:\Code\iMP\126\trunk.126\packages\EntityFramework.6.2.0\lib\net45\EntityFramework.dll" to "..\MML.Bin\EntityFramework.dll". Beginning retry 1 in 1000ms. The process cannot access the file '..\MML.Bin\EntityFramework.dll' because it is being used by another process. The file is locked by: "iMP.ServiceHost (25516)" [C:\Code\iMP\126\trunk.126\MML.Data.EF\MML.Data.EF.csproj]
         Copying file from "C:\Code\iMP\126\trunk.126\packages\EntityFramework.6.2.0\lib\net45\EntityFramework.dll" to "..\MML.Bin\EntityFramework.dll".
         Copying file from "C:\Code\iMP\126\trunk.126\packages\EntityFramework.6.2.0\lib\net45\EntityFramework.SqlServer.dll" to "..\MML.Bin\EntityFramework.SqlServer.dll".
         Touching "C:\Code\iMP\126\trunk.126\MML.Data.EF\obj\Debug\MML.Data.EF.csproj.CopyComplete".
    17>_CopyOutOfDateSourceItemsToOutputDirectory:
       Skipping target "_CopyOutOfDateSourceItemsToOutputDirectory" because all output files are up-to-date with respect to the input files.
       _CopyAppConfigFile:
       Skipping target "_CopyAppConfigFile" because all output files are up-to-date with respect to the input files.
       CopyFilesToOutputDirectory:
         MML.Data.EF -> C:\Code\iMP\126\trunk.126\MML.Bin\MML.Data.EF.dll
    17>Done Building Project "C:\Code\iMP\126\trunk.126\MML.Data.EF\MML.Data.EF.csproj" (default targets).
     1>Project "C:\Code\iMP\126\trunk.126\MML.Services\General\Workflow\MML.Services.Workflow.sln" (1) is building "C:\Code\iMP\126\trunk.126\MML.Data.Adapter\MML.Data.Adapter.csproj" (16) on node 2 (default targets).
    16>BclBuildEnsureBindingRedirects:
       Skipping target "BclBuildEnsureBindingRedirects" because all output files are up-to-date with respect to the input files.
       GenerateTargetFrameworkMonikerAttribute:
       Skipping target "GenerateTargetFrameworkMonikerAttribute" because all output files are up-to-date with respect to the input files.
       CoreCompile:
       Skipping target "CoreCompile" because all output files are up-to-date with respect to the input files.
       _CopyFilesMarkedCopyLocal:
         Copying file from "C:\Code\iMP\126\trunk.126\packages\EntityFramework.6.1.3\lib\net45\EntityFramework.dll" to "..\MML.Bin\EntityFramework.dll".
         Copying file from "C:\Code\iMP\126\trunk.126\packages\EntityFramework.6.1.3\lib\net45\EntityFramework.SqlServer.dll" to "..\MML.Bin\EntityFramework.SqlServer.dll".
         Copying file from "C:\Code\iMP\126\trunk.126\packages\EntityFramework.6.1.3\lib\net45\EntityFramework.xml" to "..\MML.Bin\EntityFramework.xml".
         Copying file from "C:\Code\iMP\126\trunk.126\packages\EntityFramework.6.1.3\lib\net45\EntityFramework.SqlServer.xml" to "..\MML.Bin\EntityFramework.SqlServer.xml".
         Touching "C:\Code\iMP\126\trunk.126\MML.Data.Adapter\obj\Debug\MML.Data.Adapter.csproj.CopyComplete".
       _CopyOutOfDateSourceItemsToOutputDirectory:
       Skipping target "_CopyOutOfDateSourceItemsToOutputDirectory" because all output files are up-to-date with respect to the input files.
       _CopyAppConfigFile:
       Skipping target "_CopyAppConfigFile" because all output files are up-to-date with respect to the input files.
       CopyFilesToOutputDirectory:
         MML.Data.Adapter -> C:\Code\iMP\126\trunk.126\MML.Bin\MML.Data.Adapter.dll
    16>Done Building Project "C:\Code\iMP\126\trunk.126\MML.Data.Adapter\MML.Data.Adapter.csproj" (default targets).
     1>Project "C:\Code\iMP\126\trunk.126\MML.Services\General\Workflow\MML.Services.Workflow.sln" (1) is building "C:\Code\iMP\126\trunk.126\MML.DataAccess.CDM\MML.DataAccess.CDM.csproj" (10:2) on node 3 (default targets).
    10>BclBuildEnsureBindingRedirects:
       Skipping target "BclBuildEnsureBindingRedirects" because all output files are up-to-date with respect to the input files.
       GenerateTargetFrameworkMonikerAttribute:
       Skipping target "GenerateTargetFrameworkMonikerAttribute" because all output files are up-to-date with respect to the input files.
       CoreCompile:
       Skipping target "CoreCompile" because all output files are up-to-date with respect to the input files.
       _CopyFilesMarkedCopyLocal:
         Touching "C:\Code\iMP\126\trunk.126\MML.DataAccess.CDM\obj\Debug\MML.DataAccess.CDM.csproj.CopyComplete".
     1>Project "C:\Code\iMP\126\trunk.126\MML.Services\General\Workflow\MML.Services.Workflow.sln" (1) is building "C:\Code\iMP\126\trunk.126\MML.AutoMapper\MML.AutoMapper.csproj" (6:2) on node 3 (default targets).
     6>BclBuildEnsureBindingRedirects:
       Skipping target "BclBuildEnsureBindingRedirects" because all output files are up-to-date with respect to the input files.
       GenerateTargetFrameworkMonikerAttribute:
       Skipping target "GenerateTargetFrameworkMonikerAttribute" because all output files are up-to-date with respect to the input files.
       CoreCompile:
       Skipping target "CoreCompile" because all output files are up-to-date with respect to the input files.
       _CopyFilesMarkedCopyLocal:
         Touching "C:\Code\iMP\126\trunk.126\MML.AutoMapper\obj\Debug\MML.AutoMapper.csproj.CopyComplete".
       _CopyOutOfDateSourceItemsToOutputDirectory:
       Skipping target "_CopyOutOfDateSourceItemsToOutputDirectory" because all output files are up-to-date with respect to the input files.
       _CopyAppConfigFile:
       Skipping target "_CopyAppConfigFile" because all output files are up-to-date with respect to the input files.
       CopyFilesToOutputDirectory:
         MML.AutoMapper -> C:\Code\iMP\126\trunk.126\MML.Bin\MML.AutoMapper.dll
     6>Done Building Project "C:\Code\iMP\126\trunk.126\MML.AutoMapper\MML.AutoMapper.csproj" (default targets).
    10>_CopyOutOfDateSourceItemsToOutputDirectory:
       Skipping target "_CopyOutOfDateSourceItemsToOutputDirectory" because all output files are up-to-date with respect to the input files.
       _CopyAppConfigFile:
       Skipping target "_CopyAppConfigFile" because all output files are up-to-date with respect to the input files.
       CopyFilesToOutputDirectory:
         MML.DataAccess.CDM -> C:\Code\iMP\126\trunk.126\MML.Bin\MML.DataAccess.CDM.dll
    10>Done Building Project "C:\Code\iMP\126\trunk.126\MML.DataAccess.CDM\MML.DataAccess.CDM.csproj" (default targets).
     1>Project "C:\Code\iMP\126\trunk.126\MML.Services\General\Workflow\MML.Services.Workflow.sln" (1) is building "C:\Code\iMP\126\trunk.126\MML.Services\Platform\MML.Services.Platform.Common.Repository\MML.Services.Platform.Common.Repository.csproj" (15:2) on node 4 (default targets).
    15>BclBuildEnsureBindingRedirects:
       Skipping target "BclBuildEnsureBindingRedirects" because all output files are up-to-date with respect to the input files.
       GenerateTargetFrameworkMonikerAttribute:
       Skipping target "GenerateTargetFrameworkMonikerAttribute" because all output files are up-to-date with respect to the input files.
       CoreCompile:
       Skipping target "CoreCompile" because all output files are up-to-date with respect to the input files.
       _CopyFilesMarkedCopyLocal:
         Touching "C:\Code\iMP\126\trunk.126\MML.Services\Platform\MML.Services.Platform.Common.Repository\obj\Debug\MML.Services.Platform.Common.Repository.csproj.CopyComplete".
     1>Project "C:\Code\iMP\126\trunk.126\MML.Services\General\Workflow\MML.Services.Workflow.sln" (1) is building "C:\Code\iMP\126\trunk.126\MML.Services\Platform\MML.Services.Platform.Common.Services\MML.Services.Platform.Common.Services.csproj" (11:3) on node 2 (default targets).
  11:3>Project "C:\Code\iMP\126\trunk.126\MML.Services\Platform\MML.Services.Platform.Common.Services\MML.Services.Platform.Common.Services.csproj" (11:3) is building "C:\Code\iMP\126\trunk.126\MML.Services\Platform\MML.Services.Platform.Common.Tracking\MML.Services.Platform.Common.Tracking.csproj" (12:4) on node 4 (default targets).
    12>BclBuildEnsureBindingRedirects:
       Skipping target "BclBuildEnsureBindingRedirects" because all output files are up-to-date with respect to the input files.
       GenerateTargetFrameworkMonikerAttribute:
       Skipping target "GenerateTargetFrameworkMonikerAttribute" because all output files are up-to-date with respect to the input files.
       CoreCompile:
       Skipping target "CoreCompile" because all output files are up-to-date with respect to the input files.
       _CopyFilesMarkedCopyLocal:
         Touching "C:\Code\iMP\126\trunk.126\MML.Services\Platform\MML.Services.Platform.Common.Tracking\obj\Debug\MML.Services.Platform.Common.Tracking.csproj.CopyComplete".
    15>_CopyOutOfDateSourceItemsToOutputDirectory:
       Skipping target "_CopyOutOfDateSourceItemsToOutputDirectory" because all output files are up-to-date with respect to the input files.
       _CopyAppConfigFile:
       Skipping target "_CopyAppConfigFile" because all output files are up-to-date with respect to the input files.
       CopyFilesToOutputDirectory:
         MML.Services.Platform.Common.Repository -> C:\Code\iMP\126\trunk.126\MML.Services\Platform\MML.Services.Platform.Common.Repository\bin\Debug\MML.Services.Platform.Common.Repository.dll
    15>Done Building Project "C:\Code\iMP\126\trunk.126\MML.Services\Platform\MML.Services.Platform.Common.Repository\MML.Services.Platform.Common.Repository.csproj" (default targets).
    12>_CopyOutOfDateSourceItemsToOutputDirectory:
       Skipping target "_CopyOutOfDateSourceItemsToOutputDirectory" because all output files are up-to-date with respect to the input files.
       _CopyAppConfigFile:
       Skipping target "_CopyAppConfigFile" because all output files are up-to-date with respect to the input files.
       CopyFilesToOutputDirectory:
         MML.Services.Platform.Common.Tracking -> C:\Code\iMP\126\trunk.126\MML.Services\Platform\MML.Services.Platform.Common.Tracking\bin\Debug\MML.Services.Platform.Common.Tracking.dll
    12>Done Building Project "C:\Code\iMP\126\trunk.126\MML.Services\Platform\MML.Services.Platform.Common.Tracking\MML.Services.Platform.Common.Tracking.csproj" (default targets).
  11:3>Project "C:\Code\iMP\126\trunk.126\MML.Services\Platform\MML.Services.Platform.Common.Services\MML.Services.Platform.Common.Services.csproj" (11:3) is building "C:\Code\iMP\126\trunk.126\MML.Services\Integrations\MML.Services.Integrations.Transformation\MML.Services.Integrations.Transformation.csproj" (23:2) on node 3 (default targets).
    23>GenerateTargetFrameworkMonikerAttribute:
       Skipping target "GenerateTargetFrameworkMonikerAttribute" because all output files are up-to-date with respect to the input files.
       CoreCompile:
       Skipping target "CoreCompile" because all output files are up-to-date with respect to the input files.
       CopyFilesToOutputDirectory:
         MML.Services.Integrations.Transformation -> C:\Code\iMP\126\trunk.126\MML.Services\Integrations\MML.Services.Integrations.Transformation\bin\Debug\MML.Services.Integrations.Transformation.dll
    23>Done Building Project "C:\Code\iMP\126\trunk.126\MML.Services\Integrations\MML.Services.Integrations.Transformation\MML.Services.Integrations.Transformation.csproj" (default targets).
  11:3>Project "C:\Code\iMP\126\trunk.126\MML.Services\Platform\MML.Services.Platform.Common.Services\MML.Services.Platform.Common.Services.csproj" (11:3) is building "C:\Code\iMP\126\trunk.126\MML.Services\Integrations\MML.Services.Integrations.Data\MML.Services.Integrations.Data.csproj" (22:2) on node 2 (default targets).
    22>GenerateTargetFrameworkMonikerAttribute:
       Skipping target "GenerateTargetFrameworkMonikerAttribute" because all output files are up-to-date with respect to the input files.
       CoreCompile:
       Skipping target "CoreCompile" because all output files are up-to-date with respect to the input files.
       _CopyFilesMarkedCopyLocal:
         Touching "C:\Code\iMP\126\trunk.126\MML.Services\Integrations\MML.Services.Integrations.Data\obj\Debug\MML.Services.Integrations.Data.csproj.CopyComplete".
       _CopyAppConfigFile:
       Skipping target "_CopyAppConfigFile" because all output files are up-to-date with respect to the input files.
       CopyFilesToOutputDirectory:
         MML.Services.Integrations.Data -> C:\Code\iMP\126\trunk.126\MML.Services\Integrations\MML.Services.Integrations.Data\bin\Debug\MML.Services.Integrations.Data.dll
    22>Done Building Project "C:\Code\iMP\126\trunk.126\MML.Services\Integrations\MML.Services.Integrations.Data\MML.Services.Integrations.Data.csproj" (default targets).
    11>GenerateTargetFrameworkMonikerAttribute:
       Skipping target "GenerateTargetFrameworkMonikerAttribute" because all output files are up-to-date with respect to the input files.
       CoreCompile:
       Skipping target "CoreCompile" because all output files are up-to-date with respect to the input files.
       _CopyFilesMarkedCopyLocal:
         Touching "C:\Code\iMP\126\trunk.126\MML.Services\Platform\MML.Services.Platform.Common.Services\obj\Debug\MML.Services.Platform.Common.Services.csproj.CopyComplete".
       _CopyOutOfDateSourceItemsToOutputDirectory:
       Skipping target "_CopyOutOfDateSourceItemsToOutputDirectory" because all output files are up-to-date with respect to the input files.
       _CopyAppConfigFile:
       Skipping target "_CopyAppConfigFile" because all output files are up-to-date with respect to the input files.
       CopyFilesToOutputDirectory:
         MML.Services.Platform.Common.Services -> C:\Code\iMP\126\trunk.126\MML.Services\Platform\MML.Services.Platform.Common.Services\bin\Debug\MML.Services.Platform.Common.Services.dll
    11>Done Building Project "C:\Code\iMP\126\trunk.126\MML.Services\Platform\MML.Services.Platform.Common.Services\MML.Services.Platform.Common.Services.csproj" (default targets).
     1>Project "C:\Code\iMP\126\trunk.126\MML.Services\General\Workflow\MML.Services.Workflow.sln" (1) is building "C:\Code\iMP\126\trunk.126\MML.Services\General\Workflow\MML.Services.Workflow\MML.Services.Workflow.csproj" (3) on node 3 (default targets).
     3>GenerateTargetFrameworkMonikerAttribute:
       Skipping target "GenerateTargetFrameworkMonikerAttribute" because all output files are up-to-date with respect to the input files.
       CoreCompile:
       Skipping target "CoreCompile" because all output files are up-to-date with respect to the input files.
       _CopyFilesMarkedCopyLocal:
         Touching "C:\Code\iMP\126\trunk.126\MML.Services\General\Workflow\MML.Services.Workflow\obj\Debug\MML.Services.Workflow.csproj.CopyComplete".
       _CopyOutOfDateSourceItemsToOutputDirectory:
       Skipping target "_CopyOutOfDateSourceItemsToOutputDirectory" because all output files are up-to-date with respect to the input files.
       _CopyOutOfDateSourceItemsToOutputDirectoryAlways:
         Copying file from "C:\Code\iMP\126\trunk.126\MML.Services\General\Workflow\MML.Services.Workflow\WorkflowService.exe.config" to "bin\Debug\WorkflowService.exe.config".
         Copying file from "C:\Code\iMP\126\trunk.126\MML.Services\General\Workflow\MML.Services.Workflow\WorkflowService.exe.config.config" to "bin\Debug\WorkflowService.exe.config.config".
         Copying file from "C:\Code\iMP\126\trunk.126\MML.Services\General\Workflow\MML.Services.Workflow\log4net.config" to "bin\Debug\log4net.config".
         Copying file from "C:\Code\iMP\126\trunk.126\MML.Services\General\Workflow\MML.Services.Workflow\log4net.config.config" to "bin\Debug\log4net.config.config".
       _CopyAppConfigFile:
       Skipping target "_CopyAppConfigFile" because all output files are up-to-date with respect to the input files.
       CopyFilesToOutputDirectory:
         MML.Services.Workflow -> C:\Code\iMP\126\trunk.126\MML.Services\General\Workflow\MML.Services.Workflow\bin\Debug\MML.Services.Workflow.dll
     3>Done Building Project "C:\Code\iMP\126\trunk.126\MML.Services\General\Workflow\MML.Services.Workflow\MML.Services.Workflow.csproj" (default targets).
     1>Project "C:\Code\iMP\126\trunk.126\MML.Services\General\Workflow\MML.Services.Workflow.sln" (1) is building "C:\Code\iMP\126\trunk.126\MML.Services\General\Workflow\MML.Services.Workflow.Tests\MML.Services.Workflow.Tests.csproj" (4) on node 2 (default targets).
     4>GenerateTargetFrameworkMonikerAttribute:
       Skipping target "GenerateTargetFrameworkMonikerAttribute" because all output files are up-to-date with respect to the input files.
       CoreCompile:
       Skipping target "CoreCompile" because all output files are up-to-date with respect to the input files.
       _CopyFilesMarkedCopyLocal:
         Touching "C:\Code\iMP\126\trunk.126\MML.Services\General\Workflow\MML.Services.Workflow.Tests\obj\Debug\MML.Services.Workflow.Tests.csproj.CopyComplete".
       _CopyOutOfDateSourceItemsToOutputDirectory:
       Skipping target "_CopyOutOfDateSourceItemsToOutputDirectory" because all output files are up-to-date with respect to the input files.
       _CopyOutOfDateSourceItemsToOutputDirectoryAlways:
         Copying file from "C:\Code\iMP\126\trunk.126\MML.Services\General\Workflow\MML.Services.Workflow\WorkflowService.exe.config" to "bin\Debug\WorkflowService.exe.config".
         Copying file from "C:\Code\iMP\126\trunk.126\MML.Services\General\Workflow\MML.Services.Workflow\WorkflowService.exe.config.config" to "bin\Debug\WorkflowService.exe.config.config".
         Copying file from "C:\Code\iMP\126\trunk.126\MML.Services\General\Workflow\MML.Services.Workflow\log4net.config" to "bin\Debug\log4net.config".
         Copying file from "C:\Code\iMP\126\trunk.126\MML.Services\General\Workflow\MML.Services.Workflow\log4net.config.config" to "bin\Debug\log4net.config.config".
       _CopyAppConfigFile:
       Skipping target "_CopyAppConfigFile" because all output files are up-to-date with respect to the input files.
       CopyFilesToOutputDirectory:
         MML.Services.Workflow.Tests -> C:\Code\iMP\126\trunk.126\MML.Services\General\Workflow\MML.Services.Workflow.Tests\bin\Debug\MML.Services.Workflow.Tests.dll
     4>Done Building Project "C:\Code\iMP\126\trunk.126\MML.Services\General\Workflow\MML.Services.Workflow.Tests\MML.Services.Workflow.Tests.csproj" (default targets).
     1>Done Building Project "C:\Code\iMP\126\trunk.126\MML.Services\General\Workflow\MML.Services.Workflow.sln" (build target(s)).

Build succeeded.

       "C:\Code\iMP\126\trunk.126\MML.Services\General\Workflow\MML.Services.Workflow.sln" (build target) (1) ->
       "C:\Code\iMP\126\trunk.126\MML.Data.EF\MML.Data.EF.csproj" (default target) (17) ->
       (_CopyFilesMarkedCopyLocal target) -> 
         C:\Program Files (x86)\Microsoft Visual Studio\2017\Community\MSBuild\15.0\Bin\Microsoft.Common.CurrentVersion.targets(4289,5): warning MSB3026: Could not copy "C:\Code\iMP\126\trunk.126\packages\EntityFramework.6.2.0\lib\net45\EntityFramework.dll" to "..\MML.Bin\EntityFramework.dll". Beginning retry 1 in 1000ms. The process cannot access the file '..\MML.Bin\EntityFramework.dll' because it is being used by another process. The file is locked by: "iMP.ServiceHost (25516)" [C:\Code\iMP\126\trunk.126\MML.Data.EF\MML.Data.EF.csproj]

    1 Warning(s)
    0 Error(s)

Time Elapsed 00:00:02.92
